<?xml version="1.0" encoding="UTF-8"?>
<!-- Generated by org.testng.reporters.JUnitReportReporter -->
<testsuite skipped="0" hostname="DESKTOP-LPU85BR" name="com.framwork.intro.Day12DataProv" tests="2" failures="0" timestamp="30 Jun 2021 02:52:18 GMT" time="30.730" errors="0">
  <testcase name="test1" time="12.177" classname="com.framwork.intro.Day12DataProv"/>
  <testcase name="test1" time="18.553" classname="com.framwork.intro.Day12DataProv"/>
</testsuite> <!-- com.framwork.intro.Day12DataProv -->
