<?xml version="1.0" encoding="UTF-8"?>
<!-- Generated by org.testng.reporters.JUnitReportReporter -->
<testsuite skipped="1" hostname="DESKTOP-LPU85BR" name="com.framwork.intro.Day11Parameters" tests="8" failures="0" timestamp="08 Jun 2021 04:19:42 GMT" time="0.102" errors="0">
  <testcase name="test4" time="0.004" classname="com.framwork.intro.Day11Parameters"/>
  <testcase name="test4" time="0.042" classname="com.framwork.intro.Day11Parameters"/>
  <testcase name="test4" time="0.008" classname="com.framwork.intro.Day11Parameters"/>
  <testcase name="test4" time="0.035" classname="com.framwork.intro.Day11Parameters"/>
  <testcase name="test4" time="0.008" classname="com.framwork.intro.Day11Parameters"/>
  <testcase name="test3" time="0.003" classname="com.framwork.intro.Day11Parameters"/>
  <testcase name="test1" time="0.002" classname="com.framwork.intro.Day11Parameters"/>
  <testcase name="test2" classname="com.framwork.intro.Day11Parameters">
    <skipped/>
  </testcase> <!-- test2 -->
</testsuite> <!-- com.framwork.intro.Day11Parameters -->
