<?xml version="1.0" encoding="UTF-8"?>
<!-- Generated by org.testng.reporters.JUnitReportReporter -->
<testsuite skipped="0" hostname="DESKTOP-LPU85BR" name="com.framwork.intro.Day14Groups" tests="2" failures="0" timestamp="14 Jun 2021 04:27:13 GMT" time="28.670" errors="0">
  <testcase name="test2" time="19.835" classname="com.framwork.intro.Day14Groups"/>
  <testcase name="test1" time="8.835" classname="com.framwork.intro.Day14Groups"/>
</testsuite> <!-- com.framwork.intro.Day14Groups -->
