<?xml version="1.0" encoding="UTF-8"?>
<!-- Generated by org.testng.reporters.JUnitReportReporter -->
<testsuite skipped="0" hostname="DESKTOP-LPU85BR" name="com.framwork.intro.Day11Param" tests="2" failures="0" timestamp="22 Jun 2021 04:02:39 GMT" time="0.858" errors="0">
  <testcase name="test2" time="0.178" classname="com.framwork.intro.Day11Param"/>
  <testcase name="test1" time="0.680" classname="com.framwork.intro.Day11Param"/>
</testsuite> <!-- com.framwork.intro.Day11Param -->
