<?xml version="1.0" encoding="UTF-8"?>
<!-- Generated by org.testng.reporters.JUnitReportReporter -->
<testsuite skipped="0" hostname="DESKTOP-LPU85BR" name="com.framwork.intro.Day15Parallel" tests="6" failures="0" timestamp="14 Jun 2021 04:27:13 GMT" time="0.086" errors="0">
  <testcase name="test2" time="0.019" classname="com.framwork.intro.Day15Parallel"/>
  <testcase name="test4" time="0.003" classname="com.framwork.intro.Day15Parallel"/>
  <testcase name="test5" time="0.018" classname="com.framwork.intro.Day15Parallel"/>
  <testcase name="test3" time="0.002" classname="com.framwork.intro.Day15Parallel"/>
  <testcase name="test6" time="0.022" classname="com.framwork.intro.Day15Parallel"/>
  <testcase name="test1" time="0.022" classname="com.framwork.intro.Day15Parallel"/>
</testsuite> <!-- com.framwork.intro.Day15Parallel -->
