<?xml version="1.0" encoding="UTF-8"?>
<!-- Generated by org.testng.reporters.JUnitReportReporter -->
<testsuite skipped="0" hostname="DESKTOP-LPU85BR" name="com.framwork.intro.Day15CrossBrowser" tests="4" failures="0" timestamp="14 Jun 2021 04:42:58 GMT" time="44.282" errors="0">
  <testcase name="test2" time="18.384" classname="com.framwork.intro.Day15CrossBrowser"/>
  <testcase name="test1" time="4.831" classname="com.framwork.intro.Day15CrossBrowser"/>
  <testcase name="test2" time="19.866" classname="com.framwork.intro.Day15CrossBrowser"/>
  <testcase name="test1" time="1.201" classname="com.framwork.intro.Day15CrossBrowser"/>
</testsuite> <!-- com.framwork.intro.Day15CrossBrowser -->
